This is pdfTeX, Version 3.14159265-2.6-1.40.19 (TeX Live 2018) (preloaded format=pdflatex 2018.8.9)  9 OCT 2018 09:08
entering extended mode
 restricted \write18 enabled.
 %&-line parsing enabled.
**doc_nsCouette.tex
(./doc_nsCouette.tex
LaTeX2e <2018-04-01> patch level 5
(/usr/local/texlive/2018/texmf-dist/tex/latex/base/article.cls
Document Class: article 2014/09/29 v1.4h Standard LaTeX document class
(/usr/local/texlive/2018/texmf-dist/tex/latex/base/size11.clo
File: size11.clo 2014/09/29 v1.4h Standard LaTeX file (size option)
)
\c@part=\count80
\c@section=\count81
\c@subsection=\count82
\c@subsubsection=\count83
\c@paragraph=\count84
\c@subparagraph=\count85
\c@figure=\count86
\c@table=\count87
\abovecaptionskip=\skip41
\belowcaptionskip=\skip42
\bibindent=\dimen102
)
(/usr/local/texlive/2018/texmf-dist/tex/latex/graphics/graphicx.sty
Package: graphicx 2017/06/01 v1.1a Enhanced LaTeX Graphics (DPC,SPQR)

(/usr/local/texlive/2018/texmf-dist/tex/latex/graphics/keyval.sty
Package: keyval 2014/10/28 v1.15 key=value parser (DPC)
\KV@toks@=\toks14
)
(/usr/local/texlive/2018/texmf-dist/tex/latex/graphics/graphics.sty
Package: graphics 2017/06/25 v1.2c Standard LaTeX Graphics (DPC,SPQR)

(/usr/local/texlive/2018/texmf-dist/tex/latex/graphics/trig.sty
Package: trig 2016/01/03 v1.10 sin cos tan (DPC)
)
(/usr/local/texlive/2018/texmf-dist/tex/latex/graphics-cfg/graphics.cfg
File: graphics.cfg 2016/06/04 v1.11 sample graphics configuration
)
Package graphics Info: Driver file: pdftex.def on input line 99.

(/usr/local/texlive/2018/texmf-dist/tex/latex/graphics-def/pdftex.def
File: pdftex.def 2018/01/08 v1.0l Graphics/color driver for pdftex
))
\Gin@req@height=\dimen103
\Gin@req@width=\dimen104
)
(/usr/local/texlive/2018/texmf-dist/tex/latex/amsmath/amsmath.sty
Package: amsmath 2017/09/02 v2.17a AMS math features
\@mathmargin=\skip43

For additional information on amsmath, use the `?' option.
(/usr/local/texlive/2018/texmf-dist/tex/latex/amsmath/amstext.sty
Package: amstext 2000/06/29 v2.01 AMS text

(/usr/local/texlive/2018/texmf-dist/tex/latex/amsmath/amsgen.sty
File: amsgen.sty 1999/11/30 v2.0 generic functions
\@emptytoks=\toks15
\ex@=\dimen105
))
(/usr/local/texlive/2018/texmf-dist/tex/latex/amsmath/amsbsy.sty
Package: amsbsy 1999/11/29 v1.2d Bold Symbols
\pmbraise@=\dimen106
)
(/usr/local/texlive/2018/texmf-dist/tex/latex/amsmath/amsopn.sty
Package: amsopn 2016/03/08 v2.02 operator names
)
\inf@bad=\count88
LaTeX Info: Redefining \frac on input line 213.
\uproot@=\count89
\leftroot@=\count90
LaTeX Info: Redefining \overline on input line 375.
\classnum@=\count91
\DOTSCASE@=\count92
LaTeX Info: Redefining \ldots on input line 472.
LaTeX Info: Redefining \dots on input line 475.
LaTeX Info: Redefining \cdots on input line 596.
\Mathstrutbox@=\box26
\strutbox@=\box27
\big@size=\dimen107
LaTeX Font Info:    Redeclaring font encoding OML on input line 712.
LaTeX Font Info:    Redeclaring font encoding OMS on input line 713.
\macc@depth=\count93
\c@MaxMatrixCols=\count94
\dotsspace@=\muskip10
\c@parentequation=\count95
\dspbrk@lvl=\count96
\tag@help=\toks16
\row@=\count97
\column@=\count98
\maxfields@=\count99
\andhelp@=\toks17
\eqnshift@=\dimen108
\alignsep@=\dimen109
\tagshift@=\dimen110
\tagwidth@=\dimen111
\totwidth@=\dimen112
\lineht@=\dimen113
\@envbody=\toks18
\multlinegap=\skip44
\multlinetaggap=\skip45
\mathdisplay@stack=\toks19
LaTeX Info: Redefining \[ on input line 2817.
LaTeX Info: Redefining \] on input line 2818.
)
(/usr/local/texlive/2018/texmf-dist/tex/latex/amsfonts/amssymb.sty
Package: amssymb 2013/01/14 v3.01 AMS font symbols

(/usr/local/texlive/2018/texmf-dist/tex/latex/amsfonts/amsfonts.sty
Package: amsfonts 2013/01/14 v3.01 Basic AMSFonts support
\symAMSa=\mathgroup4
\symAMSb=\mathgroup5
LaTeX Font Info:    Overwriting math alphabet `\mathfrak' in version `bold'
(Font)                  U/euf/m/n --> U/euf/b/n on input line 106.
))
(/usr/local/texlive/2018/texmf-dist/tex/latex/fancyhdr/fancyhdr.sty
Package: fancyhdr 2017/06/30 v3.9a Extensive control of page headers and footer
s
\f@nch@headwidth=\skip46
\f@nch@O@elh=\skip47
\f@nch@O@erh=\skip48
\f@nch@O@olh=\skip49
\f@nch@O@orh=\skip50
\f@nch@O@elf=\skip51
\f@nch@O@erf=\skip52
\f@nch@O@olf=\skip53
\f@nch@O@orf=\skip54
)
(/usr/local/texlive/2018/texmf-dist/tex/latex/paralist/paralist.sty
Package: paralist 2017/01/22 v2.7 Extended list environments
\pltopsep=\skip55
\plpartopsep=\skip56
\plitemsep=\skip57
\plparsep=\skip58
\pl@lab=\toks20
)
(/usr/local/texlive/2018/texmf-dist/tex/latex/caption/caption.sty
Package: caption 2018/05/01 v3.3-147 Customizing captions (AR)

(/usr/local/texlive/2018/texmf-dist/tex/latex/caption/caption3.sty
Package: caption3 2018/05/27 v1.8a caption3 kernel (AR)
Package caption3 Info: TeX engine: e-TeX on input line 64.
\captionmargin=\dimen114
\captionmargin@=\dimen115
\captionwidth=\dimen116
\caption@tempdima=\dimen117
\caption@indent=\dimen118
\caption@parindent=\dimen119
\caption@hangindent=\dimen120
)
\c@ContinuedFloat=\count100
)
(/usr/local/texlive/2018/texmf-dist/tex/latex/geometry/geometry.sty
Package: geometry 2018/04/16 v5.8 Page Geometry

(/usr/local/texlive/2018/texmf-dist/tex/generic/oberdiek/ifpdf.sty
Package: ifpdf 2017/03/15 v3.2 Provides the ifpdf switch
)
(/usr/local/texlive/2018/texmf-dist/tex/generic/oberdiek/ifvtex.sty
Package: ifvtex 2016/05/16 v1.6 Detect VTeX and its facilities (HO)
Package ifvtex Info: VTeX not detected.
)
(/usr/local/texlive/2018/texmf-dist/tex/generic/ifxetex/ifxetex.sty
Package: ifxetex 2010/09/12 v0.6 Provides ifxetex conditional
)
\Gm@cnth=\count101
\Gm@cntv=\count102
\c@Gm@tempcnt=\count103
\Gm@bindingoffset=\dimen121
\Gm@wd@mp=\dimen122
\Gm@odd@mp=\dimen123
\Gm@even@mp=\dimen124
\Gm@layoutwidth=\dimen125
\Gm@layoutheight=\dimen126
\Gm@layouthoffset=\dimen127
\Gm@layoutvoffset=\dimen128
\Gm@dimlist=\toks21
)
(/usr/local/texlive/2018/texmf-dist/tex/latex/graphics/epsfig.sty
Package: epsfig 2017/06/25 v1.7b (e)psfig emulation (SPQR)
\epsfxsize=\dimen129
\epsfysize=\dimen130
)
(./doc_nsCouette.aux)
\openout1 = `doc_nsCouette.aux'.

LaTeX Font Info:    Checking defaults for OML/cmm/m/it on input line 24.
LaTeX Font Info:    ... okay on input line 24.
LaTeX Font Info:    Checking defaults for T1/cmr/m/n on input line 24.
LaTeX Font Info:    ... okay on input line 24.
LaTeX Font Info:    Checking defaults for OT1/cmr/m/n on input line 24.
LaTeX Font Info:    ... okay on input line 24.
LaTeX Font Info:    Checking defaults for OMS/cmsy/m/n on input line 24.
LaTeX Font Info:    ... okay on input line 24.
LaTeX Font Info:    Checking defaults for OMX/cmex/m/n on input line 24.
LaTeX Font Info:    ... okay on input line 24.
LaTeX Font Info:    Checking defaults for U/cmr/m/n on input line 24.
LaTeX Font Info:    ... okay on input line 24.

(/usr/local/texlive/2018/texmf-dist/tex/context/base/mkii/supp-pdf.mkii
[Loading MPS to PDF converter (version 2006.09.02).]
\scratchcounter=\count104
\scratchdimen=\dimen131
\scratchbox=\box28
\nofMPsegments=\count105
\nofMParguments=\count106
\everyMPshowfont=\toks22
\MPscratchCnt=\count107
\MPscratchDim=\dimen132
\MPnumerator=\count108
\makeMPintoPDFobject=\count109
\everyMPtoPDFconversion=\toks23
) (/usr/local/texlive/2018/texmf-dist/tex/latex/oberdiek/epstopdf-base.sty
Package: epstopdf-base 2016/05/15 v2.6 Base part for package epstopdf

(/usr/local/texlive/2018/texmf-dist/tex/generic/oberdiek/infwarerr.sty
Package: infwarerr 2016/05/16 v1.4 Providing info/warning/error messages (HO)
)
(/usr/local/texlive/2018/texmf-dist/tex/latex/oberdiek/grfext.sty
Package: grfext 2016/05/16 v1.2 Manage graphics extensions (HO)

(/usr/local/texlive/2018/texmf-dist/tex/generic/oberdiek/kvdefinekeys.sty
Package: kvdefinekeys 2016/05/16 v1.4 Define keys (HO)

(/usr/local/texlive/2018/texmf-dist/tex/generic/oberdiek/ltxcmds.sty
Package: ltxcmds 2016/05/16 v1.23 LaTeX kernel commands for general use (HO)
)))
(/usr/local/texlive/2018/texmf-dist/tex/latex/oberdiek/kvoptions.sty
Package: kvoptions 2016/05/16 v3.12 Key value format for package options (HO)

(/usr/local/texlive/2018/texmf-dist/tex/generic/oberdiek/kvsetkeys.sty
Package: kvsetkeys 2016/05/16 v1.17 Key value parser (HO)

(/usr/local/texlive/2018/texmf-dist/tex/generic/oberdiek/etexcmds.sty
Package: etexcmds 2016/05/16 v1.6 Avoid name clashes with e-TeX commands (HO)

(/usr/local/texlive/2018/texmf-dist/tex/generic/oberdiek/ifluatex.sty
Package: ifluatex 2016/05/16 v1.4 Provides the ifluatex switch (HO)
Package ifluatex Info: LuaTeX not detected.
)
Package etexcmds Info: Could not find \expanded.
(etexcmds)             That can mean that you are not using pdfTeX 1.50 or
(etexcmds)             that some package has redefined \expanded.
(etexcmds)             In the latter case, load this package earlier.
)))
(/usr/local/texlive/2018/texmf-dist/tex/generic/oberdiek/pdftexcmds.sty
Package: pdftexcmds 2018/01/30 v0.27 Utility functions of pdfTeX for LuaTeX (HO
)
Package pdftexcmds Info: LuaTeX not detected.
Package pdftexcmds Info: \pdf@primitive is available.
Package pdftexcmds Info: \pdf@ifprimitive is available.
Package pdftexcmds Info: \pdfdraftmode found.
)
Package epstopdf-base Info: Redefining graphics rule for `.eps' on input line 4
38.
Package grfext Info: Graphics extension search list:
(grfext)             [.pdf,.png,.jpg,.mps,.jpeg,.jbig2,.jb2,.PDF,.PNG,.JPG,.JPE
G,.JBIG2,.JB2,.eps]
(grfext)             \AppendGraphicsExtensions on input line 456.

(/usr/local/texlive/2018/texmf-dist/tex/latex/latexconfig/epstopdf-sys.cfg
File: epstopdf-sys.cfg 2010/07/13 v1.3 Configuration of (r)epstopdf for TeX Liv
e
))
Package caption Info: Begin \AtBeginDocument code.
Package caption Info: End \AtBeginDocument code.

*geometry* driver: auto-detecting
*geometry* detected driver: pdftex
*geometry* verbose mode - [ preamble ] result:
* driver: pdftex
* paper: a4paper
* layout: <same size as paper>
* layoutoffset:(h,v)=(0.0pt,0.0pt)
* modes: 
* h-part:(L,W,R)=(56.9055pt, 483.69687pt, 56.9055pt)
* v-part:(T,H,B)=(85.35826pt, 660.10394pt, 99.58464pt)
* \paperwidth=597.50787pt
* \paperheight=845.04684pt
* \textwidth=483.69687pt
* \textheight=660.10394pt
* \oddsidemargin=-15.36449pt
* \evensidemargin=-15.36449pt
* \topmargin=-23.91173pt
* \headheight=12.0pt
* \headsep=25.0pt
* \topskip=11.0pt
* \footskip=30.0pt
* \marginparwidth=50.0pt
* \marginparsep=10.0pt
* \columnsep=10.0pt
* \skip\footins=10.0pt plus 4.0pt minus 2.0pt
* \hoffset=0.0pt
* \voffset=0.0pt
* \mag=1000
* \@twocolumnfalse
* \@twosidefalse
* \@mparswitchfalse
* \@reversemarginfalse
* (1in=72.27pt=25.4mm, 1cm=28.453pt)

LaTeX Font Info:    Try loading font information for U+msa on input line 26.
(/usr/local/texlive/2018/texmf-dist/tex/latex/amsfonts/umsa.fd
File: umsa.fd 2013/01/14 v3.01 AMS symbols A
)
LaTeX Font Info:    Try loading font information for U+msb on input line 26.

(/usr/local/texlive/2018/texmf-dist/tex/latex/amsfonts/umsb.fd
File: umsb.fd 2013/01/14 v3.01 AMS symbols B
)
LaTeX Font Info:    Try loading font information for OMS+cmr on input line 32.

(/usr/local/texlive/2018/texmf-dist/tex/latex/base/omscmr.fd
File: omscmr.fd 2014/09/29 v2.5h Standard LaTeX font definitions
)
LaTeX Font Info:    Font shape `OMS/cmr/m/n' in size <10.95> not available
(Font)              Font shape `OMS/cmsy/m/n' tried instead on input line 32.

Overfull \hbox (20.63979pt too wide) in paragraph at lines 57--62
[]\OT1/cmr/m/n/10.95 an MPI (Mes-sage Pass-ing In-ter-face) li-brary which sup-
ports thread-level [][]\OT1/cmtt/m/n/10.95 MPI_THREAD_SERIALIZED[]\OT1/cmr/m/n/
10.95 .
 []

[1

{/usr/local/texlive/2018/texmf-var/fonts/map/pdftex/updmap/pdftex.map}]
Overfull \hbox (42.32465pt too wide) in paragraph at lines 110--114
\OT1/cmr/m/n/10.95 tem-plates like [][]\OT1/cmtt/m/n/10.95 make.arch.intel-mkl[
]\OT1/cmr/m/n/10.95 , [][]\OT1/cmtt/m/n/10.95 make.arch.gcc-mkl[]\OT1/cmr/m/n/1
0.95 , [][]\OT1/cmtt/m/n/10.95 make.arch.pgi-mkl[]\OT1/cmr/m/n/10.95 , [][]\OT1
/cmtt/m/n/10.95 make.arch.gcc-linux
 []


Overfull \hbox (4.94159pt too wide) in paragraph at lines 206--206
[]  \OT1/cmtt/m/n/10.95 INTEGER(KIND=4),PARAMETER :: m_r  = 32            ! Max
imum spectral mode (> n_s-1)[] 
 []

[2]
Overfull \hbox (27.93634pt too wide) in paragraph at lines 206--206
[]  \OT1/cmtt/m/n/10.95 REAL(KIND=8)   ,PARAMETER :: gra = 980          ! gravi
tational acceleration in g/cm**3[] 
 []


Overfull \hbox (10.69028pt too wide) in paragraph at lines 206--206
[]  \OT1/cmtt/m/n/10.95 REAL(KIND=8)   ,PARAMETER :: nu = 1.01d-2          ! ki
nematic viscosity in cm**2 /s[] 
 []

[3]
Overfull \hbox (4.94159pt too wide) in paragraph at lines 206--206
[]  \OT1/cmtt/m/n/10.95 INTEGER(KIND=4) :: dn_vel = 100         ! velocity per 
dn_vel steps (default value)[] 
 []


Overfull \hbox (27.93634pt too wide) in paragraph at lines 206--206
[]  \OT1/cmtt/m/n/10.95 INTEGER(KIND=4) :: dn_hdf5 = 1000       ! HDF5 output p
er dn_hdf5 steps (default value)[] 
 []


Overfull \hbox (7.4073pt too wide) in paragraph at lines 217--222
[]\OT1/cmr/m/n/10.95 If ev-ery-thing is con-fig-u-rated cor-rectly (in-clud-ing
 some en-vi-ron-men-tal vari-ables like [][]\OT1/cmtt/m/n/10.95 LD_LIBRARY_PATH

 []


Overfull \hbox (4.94159pt too wide) in paragraph at lines 267--267
[]\OT1/cmtt/m/n/10.95 m_r   = 32                 ! radial points           => m
_r      grid points (radial)[] 
 []


Overfull \hbox (22.18765pt too wide) in paragraph at lines 267--267
[]\OT1/cmtt/m/n/10.95 m_th  = 16                 ! azimuthal Fourier modes => 2
*m_th+1 grid points (azimuthal)[] 
 []


Overfull \hbox (79.67453pt too wide) in paragraph at lines 267--267
[]\OT1/cmtt/m/n/10.95 k_th0 = 6.0                ! azimuthal wavenumber    => L
_th = 2*pi/k_th0 azimuthal length of grid[] 
 []


Overfull \hbox (56.67978pt too wide) in paragraph at lines 267--267
[]\OT1/cmtt/m/n/10.95 k_z0  = 2.6179938779914944 ! axial wavenumber        => L
_z =  2*pi/k_z0  axial length of grid[] 
 []


Overfull \hbox (73.92584pt too wide) in paragraph at lines 267--267
[]\OT1/cmtt/m/n/10.95 eta   = 0.868d0            ! aspect ratio => r_i = eta/(1
-eta),r_o = 1/(1-eta) inner/outer radius[] 
 []


Overfull \hbox (4.94159pt too wide) in paragraph at lines 267--267
[]\OT1/cmtt/m/n/10.95 fBase_ic = 'DNS1'       ! identifier for coeff_ (checkpoi
nt) and fields_ (hdf5) files[] 
 []

[4]
Overfull \hbox (33.68503pt too wide) in paragraph at lines 267--267
[]\OT1/cmtt/m/n/10.95 dn_coeff = 2000         ! output interval [steps] for coe
ff (dn_coeff = -1 disables ouput)[] 
 []

[5]
Overfull \hbox (9.79883pt too wide) in paragraph at lines 333--333
[]\OT1/cmtt/m/n/10 TASKS:  32 THREADS:12    THIS:   0  Host:nid01226   Cores:  
0  1  2  3  4  5  6  7  8  9 10 11[] 
 []


Overfull \hbox (9.79883pt too wide) in paragraph at lines 333--333
[]\OT1/cmtt/m/n/10 TASKS:  32 THREADS:12    THIS:   1  Host:nid01226   Cores: 1
2 13 14 15 16 17 18 19 20 21 22 23[] 
 []


Overfull \hbox (9.79883pt too wide) in paragraph at lines 333--333
[]\OT1/cmtt/m/n/10 TASKS:  32 THREADS:12    THIS:   2  Host:nid01227   Cores:  
0  1  2  3  4  5  6  7  8  9 10 11[] 
 []


Overfull \hbox (9.79883pt too wide) in paragraph at lines 333--333
[]\OT1/cmtt/m/n/10 TASKS:  32 THREADS:12    THIS:   3  Host:nid01227   Cores: 1
2 13 14 15 16 17 18 19 20 21 22 23[] 
 []


Overfull \hbox (9.79883pt too wide) in paragraph at lines 333--333
[]\OT1/cmtt/m/n/10 TASKS:  32 THREADS:12    THIS:   4  Host:nid01228   Cores:  
0  1  2  3  4  5  6  7  8  9 10 11[] 
 []


Overfull \hbox (9.79883pt too wide) in paragraph at lines 333--333
[]\OT1/cmtt/m/n/10 TASKS:  32 THREADS:12    THIS:   5  Host:nid01228   Cores: 1
2 13 14 15 16 17 18 19 20 21 22 23[] 
 []

[6]
<visit.png, id=31, 1511.6475pt x 1106.1325pt>
File: visit.png Graphic file (type png)
<use visit.png>
Package pdftex.def Info: visit.png  used on input line 411.
(pdftex.def)             Requested size: 483.69687pt x 353.93588pt.

Overfull \hbox (22.8593pt too wide) in paragraph at lines 417--418
[]\OT1/cmr/m/n/10.95 Install the soft-ware from the web-page [][]\OT1/cmtt/m/n/
10.95 https://wci.llnl.gov/simulation/computer-codes/visit[]\OT1/cmr/m/n/10.95 
; 
 []

<paraview.png, id=32, 1527.7075pt x 917.4275pt>
File: paraview.png Graphic file (type png)
<use paraview.png>
Package pdftex.def Info: paraview.png  used on input line 438.
(pdftex.def)             Requested size: 483.69687pt x 290.47507pt.

Overfull \hbox (23.6521pt too wide) in paragraph at lines 446--448
[]\OT1/cmr/m/n/10.95 install Par-aView from the pack-age man-ager or down-load 
and in-stall from [][]\OT1/cmtt/m/n/10.95 https://www.paraview.org 
 []

[7] [8 <./visit.png>] [9 <./paraview.png>] [10] [11] [12] [13]
(./doc_nsCouette.aux) ) 
Here is how much of TeX's memory you used:
 4246 strings out of 492642
 62554 string characters out of 6129370
 136779 words of memory out of 5000000
 8072 multiletter control sequences out of 15000+600000
 12034 words of font info for 46 fonts, out of 8000000 for 9000
 1141 hyphenation exceptions out of 8191
 41i,15n,43p,280b,290s stack positions out of 5000i,500n,10000p,200000b,80000s
</usr/local/texlive/2018/texmf-dist/fonts/type1/public/a
msfonts/cm/cmbx10.pfb></usr/local/texlive/2018/texmf-dist/fonts/type1/public/am
sfonts/cm/cmbx12.pfb></usr/local/texlive/2018/texmf-dist/fonts/type1/public/ams
fonts/cm/cmmi10.pfb></usr/local/texlive/2018/texmf-dist/fonts/type1/public/amsf
onts/cm/cmmi8.pfb></usr/local/texlive/2018/texmf-dist/fonts/type1/public/amsfon
ts/cm/cmr10.pfb></usr/local/texlive/2018/texmf-dist/fonts/type1/public/amsfonts
/cm/cmr12.pfb></usr/local/texlive/2018/texmf-dist/fonts/type1/public/amsfonts/c
m/cmr17.pfb></usr/local/texlive/2018/texmf-dist/fonts/type1/public/amsfonts/cm/
cmr8.pfb></usr/local/texlive/2018/texmf-dist/fonts/type1/public/amsfonts/cm/cms
y10.pfb></usr/local/texlive/2018/texmf-dist/fonts/type1/public/amsfonts/cm/cmti
10.pfb></usr/local/texlive/2018/texmf-dist/fonts/type1/public/amsfonts/cm/cmtt1
0.pfb>
Output written on doc_nsCouette.pdf (13 pages, 862941 bytes).
PDF statistics:
 93 PDF objects out of 1000 (max. 8388607)
 64 compressed objects within 1 object stream
 0 named destinations out of 1000 (max. 500000)
 11 words of extra memory for PDF output out of 10000 (max. 10000000)

