\BOOKMARK [1][-]{section.1}{About Taylor-Couette}{}% 1
\BOOKMARK [2][-]{subsection.1.1}{Governing equations}{section.1}% 2
\BOOKMARK [2][-]{subsection.1.2}{Control parameters and non-dimensional description}{section.1}% 3
\BOOKMARK [1][-]{section.2}{Building the code}{}% 4
\BOOKMARK [2][-]{subsection.2.1}{Hardware prerequisites}{section.2}% 5
\BOOKMARK [2][-]{subsection.2.2}{Software prerequisites}{section.2}% 6
\BOOKMARK [3][-]{subsubsection.2.2.1}{Compiler}{subsection.2.2}% 7
\BOOKMARK [3][-]{subsubsection.2.2.2}{Message passing interface}{subsection.2.2}% 8
\BOOKMARK [3][-]{subsubsection.2.2.3}{Linear algebra}{subsection.2.2}% 9
\BOOKMARK [3][-]{subsubsection.2.2.4}{Fastest Fourier transform in the west}{subsection.2.2}% 10
\BOOKMARK [3][-]{subsubsection.2.2.5}{Hierarchical data format}{subsection.2.2}% 11
\BOOKMARK [3][-]{subsubsection.2.2.6}{Software modules}{subsection.2.2}% 12
\BOOKMARK [3][-]{subsubsection.2.2.7}{Self-build libraries}{subsection.2.2}% 13
\BOOKMARK [2][-]{subsection.2.3}{Download the source files}{section.2}% 14
\BOOKMARK [2][-]{subsection.2.4}{Compile the code}{section.2}% 15
\BOOKMARK [3][-]{subsubsection.2.4.1}{Makefile settings}{subsection.2.4}% 16
\BOOKMARK [3][-]{subsubsection.2.4.2}{Compile-time options}{subsection.2.4}% 17
\BOOKMARK [1][-]{section.3}{Running the code}{}% 18
\BOOKMARK [2][-]{subsection.3.1}{Parameter input file}{section.3}% 19
\BOOKMARK [3][-]{subsubsection.3.1.1}{Control the time stepper}{subsection.3.1}% 20
\BOOKMARK [3][-]{subsubsection.3.1.2}{Setting boundary conditions}{subsection.3.1}% 21
\BOOKMARK [3][-]{subsubsection.3.1.3}{Choosing initial conditions}{subsection.3.1}% 22
\BOOKMARK [2][-]{subsection.3.2}{On your laptop/desktop}{section.3}% 23
\BOOKMARK [2][-]{subsection.3.3}{On a cluster}{section.3}% 24
\BOOKMARK [2][-]{subsection.3.4}{Output}{section.3}% 25
\BOOKMARK [3][-]{subsubsection.3.4.1}{Time series data}{subsection.3.4}% 26
\BOOKMARK [3][-]{subsubsection.3.4.2}{Fourier space velocity field coefficients}{subsection.3.4}% 27
\BOOKMARK [3][-]{subsubsection.3.4.3}{Physical space flow field data}{subsection.3.4}% 28
\BOOKMARK [2][-]{subsection.3.5}{Checkpoint-restart mechanism}{section.3}% 29
\BOOKMARK [1][-]{section.4}{Post-processing}{}% 30
\BOOKMARK [2][-]{subsection.4.1}{Visualisation with ParaView}{section.4}% 31
\BOOKMARK [2][-]{subsection.4.2}{Visualisation using VisIt}{section.4}% 32
\BOOKMARK [1][-]{section.5}{About the code}{}% 33
\BOOKMARK [2][-]{subsection.5.1}{Structure of the source code}{section.5}% 34
\BOOKMARK [2][-]{subsection.5.2}{Programme flow chart}{section.5}% 35
\BOOKMARK [2][-]{subsection.5.3}{Constants \046 variables}{section.5}% 36
\BOOKMARK [2][-]{subsection.5.4}{Temporal discretisation}{section.5}% 37
\BOOKMARK [2][-]{subsection.5.5}{Feature for thermal convection}{section.5}% 38
\BOOKMARK [3][-]{subsubsection.5.5.1}{How to modify the source code}{subsection.5.5}% 39
\BOOKMARK [1][-]{section.6}{Tutorials}{}% 40
\BOOKMARK [2][-]{subsection.6.1}{Prerequisites}{section.6}% 41
\BOOKMARK [2][-]{subsection.6.2}{Laminar Taylor-Couette flow in the stable regime}{section.6}% 42
\BOOKMARK [2][-]{subsection.6.3}{Taylor-vortex flow}{section.6}% 43
\BOOKMARK [2][-]{subsection.6.4}{Wavy vortex flow}{section.6}% 44
\BOOKMARK [2][-]{subsection.6.5}{Thermal convection}{section.6}% 45
\BOOKMARK [1][-]{appendix.A}{List of parameters}{}% 46
\BOOKMARK [1][-]{appendix.B}{Configure and build additional software manually}{}% 47
\BOOKMARK [2][-]{subsection.B.1}{Build blackzlib}{appendix.B}% 48
\BOOKMARK [2][-]{subsection.B.2}{Build HDF5}{appendix.B}% 49
\BOOKMARK [1][-]{appendix.C}{Useful notes to start working with blackgit}{}% 50
